<?xml version="1.0" encoding="UTF-8"?>
<!-- Generated by org.testng.reporters.JUnitXMLReporter -->
<testsuite ignored="0" hostname="DESKTOP-FM3VET7" failures="0" tests="7" name="Surefire test" time="0.484" errors="0" timestamp="2023-03-26T17:01:53 BRT">
  <testcase classname="TestRunner" name="scenario" time="0.05"/>
  <testcase classname="TestRunner" name="scenario" time="0.004"/>
  <testcase classname="TestRunner" name="scenario" time="0.005"/>
  <testcase classname="TestRunner" name="scenario" time="0.003"/>
  <testcase classname="TestRunner" name="scenario" time="0.003"/>
  <testcase classname="TestRunner" name="scenario" time="0.005"/>
  <testcase classname="TestRunner" name="scenario" time="0.003"/>
</testsuite> <!-- Surefire test -->
