<?xml version="1.0" encoding="UTF-8"?>
<testng-results ignored="0" total="7" passed="7" failed="0" skipped="0">
  <reporter-output>
  </reporter-output>
  <suite started-at="2023-03-26T17:01:52 BRT" name="Surefire suite" finished-at="2023-03-26T17:01:53 BRT" duration-ms="484">
    <groups>
      <group name="cucumber">
        <method signature="TestRunner.scenario(io.cucumber.testng.PickleWrapper,io.cucumber.testng.FeatureWrapper)[pri:0, instance:TestRunner@1a04f701]" name="scenario" class="TestRunner"/>
      </group> <!-- cucumber -->
    </groups>
    <test started-at="2023-03-26T17:01:52 BRT" name="Surefire test" finished-at="2023-03-26T17:01:53 BRT" duration-ms="484">
      <class name="TestRunner">
        <test-method is-config="true" signature="setUpClass()[pri:0, instance:TestRunner@1a04f701]" started-at="2023-03-26T17:01:52 BRT" name="setUpClass" finished-at="2023-03-26T17:01:53 BRT" duration-ms="337" status="PASS">
          <reporter-output>
          </reporter-output>
        </test-method> <!-- setUpClass -->
        <test-method signature="scenario(io.cucumber.testng.PickleWrapper,io.cucumber.testng.FeatureWrapper)[pri:0, instance:TestRunner@1a04f701]" started-at="2023-03-26T17:01:53 BRT" name="scenario" description="Runs Cucumber Scenarios" data-provider="scenarios" finished-at="2023-03-26T17:01:53 BRT" duration-ms="50" status="PASS">
          <params>
            <param index="0">
              <value>
                <![CDATA["Successful login"]]>
              </value>
            </param>
            <param index="1">
              <value>
                <![CDATA["Login Profile"]]>
              </value>
            </param>
          </params>
          <reporter-output>
          </reporter-output>
        </test-method> <!-- scenario -->
        <test-method signature="scenario(io.cucumber.testng.PickleWrapper,io.cucumber.testng.FeatureWrapper)[pri:0, instance:TestRunner@1a04f701]" started-at="2023-03-26T17:01:53 BRT" name="scenario" description="Runs Cucumber Scenarios" data-provider="scenarios" finished-at="2023-03-26T17:01:53 BRT" duration-ms="4" status="PASS">
          <params>
            <param index="0">
              <value>
                <![CDATA["Failed login using wrong credentials"]]>
              </value>
            </param>
            <param index="1">
              <value>
                <![CDATA["Login Profile"]]>
              </value>
            </param>
          </params>
          <reporter-output>
          </reporter-output>
        </test-method> <!-- scenario -->
        <test-method signature="scenario(io.cucumber.testng.PickleWrapper,io.cucumber.testng.FeatureWrapper)[pri:0, instance:TestRunner@1a04f701]" started-at="2023-03-26T17:01:53 BRT" name="scenario" description="Runs Cucumber Scenarios" data-provider="scenarios" finished-at="2023-03-26T17:01:53 BRT" duration-ms="5" status="PASS">
          <params>
            <param index="0">
              <value>
                <![CDATA["Failed login using wrong credentials"]]>
              </value>
            </param>
            <param index="1">
              <value>
                <![CDATA["Login Profile"]]>
              </value>
            </param>
          </params>
          <reporter-output>
          </reporter-output>
        </test-method> <!-- scenario -->
        <test-method signature="scenario(io.cucumber.testng.PickleWrapper,io.cucumber.testng.FeatureWrapper)[pri:0, instance:TestRunner@1a04f701]" started-at="2023-03-26T17:01:53 BRT" name="scenario" description="Runs Cucumber Scenarios" data-provider="scenarios" finished-at="2023-03-26T17:01:53 BRT" duration-ms="3" status="PASS">
          <params>
            <param index="0">
              <value>
                <![CDATA["Failed login using wrong credentials"]]>
              </value>
            </param>
            <param index="1">
              <value>
                <![CDATA["Login Profile"]]>
              </value>
            </param>
          </params>
          <reporter-output>
          </reporter-output>
        </test-method> <!-- scenario -->
        <test-method signature="scenario(io.cucumber.testng.PickleWrapper,io.cucumber.testng.FeatureWrapper)[pri:0, instance:TestRunner@1a04f701]" started-at="2023-03-26T17:01:53 BRT" name="scenario" description="Runs Cucumber Scenarios" data-provider="scenarios" finished-at="2023-03-26T17:01:53 BRT" duration-ms="3" status="PASS">
          <params>
            <param index="0">
              <value>
                <![CDATA["Failed login using wrong credentials"]]>
              </value>
            </param>
            <param index="1">
              <value>
                <![CDATA["Login Profile"]]>
              </value>
            </param>
          </params>
          <reporter-output>
          </reporter-output>
        </test-method> <!-- scenario -->
        <test-method signature="scenario(io.cucumber.testng.PickleWrapper,io.cucumber.testng.FeatureWrapper)[pri:0, instance:TestRunner@1a04f701]" started-at="2023-03-26T17:01:53 BRT" name="scenario" description="Runs Cucumber Scenarios" data-provider="scenarios" finished-at="2023-03-26T17:01:53 BRT" duration-ms="5" status="PASS">
          <params>
            <param index="0">
              <value>
                <![CDATA["Failed login using wrong credentials"]]>
              </value>
            </param>
            <param index="1">
              <value>
                <![CDATA["Login Profile"]]>
              </value>
            </param>
          </params>
          <reporter-output>
          </reporter-output>
        </test-method> <!-- scenario -->
        <test-method signature="scenario(io.cucumber.testng.PickleWrapper,io.cucumber.testng.FeatureWrapper)[pri:0, instance:TestRunner@1a04f701]" started-at="2023-03-26T17:01:53 BRT" name="scenario" description="Runs Cucumber Scenarios" data-provider="scenarios" finished-at="2023-03-26T17:01:53 BRT" duration-ms="3" status="PASS">
          <params>
            <param index="0">
              <value>
                <![CDATA["Failed login using wrong credentials"]]>
              </value>
            </param>
            <param index="1">
              <value>
                <![CDATA["Login Profile"]]>
              </value>
            </param>
          </params>
          <reporter-output>
          </reporter-output>
        </test-method> <!-- scenario -->
        <test-method is-config="true" signature="tearDownClass()[pri:0, instance:TestRunner@1a04f701]" started-at="2023-03-26T17:01:53 BRT" name="tearDownClass" finished-at="2023-03-26T17:01:53 BRT" duration-ms="41" status="PASS">
          <reporter-output>
          </reporter-output>
        </test-method> <!-- tearDownClass -->
      </class> <!-- TestRunner -->
    </test> <!-- Surefire test -->
  </suite> <!-- Surefire suite -->
</testng-results>
