<?xml version="1.0" encoding="UTF-8"?>
<testsuite xmlns:xsi="http://www.w3.org/2001/XMLSchema-instance" xsi:noNamespaceSchemaLocation="https://maven.apache.org/surefire/maven-surefire-plugin/xsd/surefire-test-report-3.0.xsd" version="3.0" name="TestRunner" time="0.77" tests="7" errors="0" skipped="0" failures="0">
  <properties>
[...]
</properties>
  <testcase name="scenario[&quot;Successful login&quot;, &quot;Login Profile&quot;](1)" classname="TestRunner" time="0.053">
    <system-out><![CDATA[
@UpdateProfile
Scenario: Successful login                                                &amp#27;[90m# src/test/resources/features/UpdateProfile.feature:12&amp#27;[0m
  &amp#27;[32mGiven &amp#27;[0m&amp#27;[32mI am on the "&amp#27;[0m&amp#27;[32m&amp#27;[1mCompany home&amp#27;[0m&amp#27;[32m" page on URL "&amp#27;[0m&amp#27;[32m&amp#27;[1mwww.mycomany.com&amp#27;[0m&amp#27;[32m"&amp#27;[0m         &amp#27;[90m# stepdefs.StepDefinitions.i_am_on_the_page_on_URL(java.lang.String,java.lang.String)&amp#27;[0m
  &amp#27;[32mThen &amp#27;[0m&amp#27;[32mI should see "&amp#27;[0m&amp#27;[32m&amp#27;[1mLog In as Employee&amp#27;[0m&amp#27;[32m" message&amp#27;[0m                          &amp#27;[90m# stepdefs.StepDefinitions.i_should_see_message(java.lang.String)&amp#27;[0m
  &amp#27;[32mWhen &amp#27;[0m&amp#27;[32mI fill in "&amp#27;[0m&amp#27;[32m&amp#27;[1mUsername&amp#27;[0m&amp#27;[32m" with "&amp#27;[0m&amp#27;[32m&amp#27;[1mTest&amp#27;[0m&amp#27;[32m"&amp#27;[0m                                   &amp#27;[90m# stepdefs.StepDefinitions.i_fill_in_with(java.lang.String,java.lang.String)&amp#27;[0m
  &amp#27;[32mAnd &amp#27;[0m&amp#27;[32mI fill in "&amp#27;[0m&amp#27;[32m&amp#27;[1mPassword&amp#27;[0m&amp#27;[32m" with "&amp#27;[0m&amp#27;[32m&amp#27;[1m123&amp#27;[0m&amp#27;[32m"&amp#27;[0m                                     &amp#27;[90m# stepdefs.StepDefinitions.i_fill_in_with(java.lang.String,java.lang.String)&amp#27;[0m
  &amp#27;[32mAnd &amp#27;[0m&amp#27;[32mI click on the "&amp#27;[0m&amp#27;[32m&amp#27;[1mLog In&amp#27;[0m&amp#27;[32m" button&amp#27;[0m                                      &amp#27;[90m# stepdefs.StepDefinitions.i_click_on_the_button(java.lang.String)&amp#27;[0m
  &amp#27;[32mThen &amp#27;[0m&amp#27;[32mI am on the "&amp#27;[0m&amp#27;[32m&amp#27;[1mMy profile&amp#27;[0m&amp#27;[32m" page on URL "&amp#27;[0m&amp#27;[32m&amp#27;[1mwww.mycompany.com/myprofile&amp#27;[0m&amp#27;[32m"&amp#27;[0m &amp#27;[90m# stepdefs.StepDefinitions.i_am_on_the_page_on_URL(java.lang.String,java.lang.String)&amp#27;[0m
  &amp#27;[32mAnd &amp#27;[0m&amp#27;[32mI should see "&amp#27;[0m&amp#27;[32m&amp#27;[1mWelcome to your profile&amp#27;[0m&amp#27;[32m" message&amp#27;[0m                      &amp#27;[90m# stepdefs.StepDefinitions.i_should_see_message(java.lang.String)&amp#27;[0m
  &amp#27;[32mAnd &amp#27;[0m&amp#27;[32mI should see the "&amp#27;[0m&amp#27;[32m&amp#27;[1mLog out&amp#27;[0m&amp#27;[32m" button&amp#27;[0m                                   &amp#27;[90m# stepdefs.StepDefinitions.i_should_see_the_button(java.lang.String)&amp#27;[0m
]]></system-out>
    <system-err><![CDATA[SLF4J: Failed to load class "org.slf4j.impl.StaticLoggerBinder".
SLF4J: Defaulting to no-operation (NOP) logger implementation
SLF4J: See http://www.slf4j.org/codes.html#StaticLoggerBinder for further details.
]]></system-err>
  </testcase>
  <testcase name="scenario[&quot;Failed login using wrong credentials&quot;, &quot;Login Profile&quot;](2)" classname="TestRunner" time="0.004">
    <system-out><![CDATA[
@UpdateProfile
Scenario Outline: Failed login using wrong credentials            &amp#27;[90m# src/test/resources/features/UpdateProfile.feature:27&amp#27;[0m
  &amp#27;[32mGiven &amp#27;[0m&amp#27;[32mI am on the "&amp#27;[0m&amp#27;[32m&amp#27;[1mCompany home&amp#27;[0m&amp#27;[32m" page on URL "&amp#27;[0m&amp#27;[32m&amp#27;[1mwww.mycomany.com&amp#27;[0m&amp#27;[32m"&amp#27;[0m &amp#27;[90m# stepdefs.StepDefinitions.i_am_on_the_page_on_URL(java.lang.String,java.lang.String)&amp#27;[0m
  &amp#27;[32mThen &amp#27;[0m&amp#27;[32mI should see "&amp#27;[0m&amp#27;[32m&amp#27;[1mLog In as Employee&amp#27;[0m&amp#27;[32m" message&amp#27;[0m                  &amp#27;[90m# stepdefs.StepDefinitions.i_should_see_message(java.lang.String)&amp#27;[0m
  &amp#27;[32mWhen &amp#27;[0m&amp#27;[32mI fill in "&amp#27;[0m&amp#27;[32m&amp#27;[1mUsername&amp#27;[0m&amp#27;[32m" with "&amp#27;[0m&amp#27;[32m&amp#27;[1mTest&amp#27;[0m&amp#27;[32m"&amp#27;[0m                           &amp#27;[90m# stepdefs.StepDefinitions.i_fill_in_with(java.lang.String,java.lang.String)&amp#27;[0m
  &amp#27;[32mAnd &amp#27;[0m&amp#27;[32mI fill in "&amp#27;[0m&amp#27;[32m&amp#27;[1mPassword&amp#27;[0m&amp#27;[32m" with "&amp#27;[0m&amp#27;[32m&amp#27;[1m!23&amp#27;[0m&amp#27;[32m"&amp#27;[0m                             &amp#27;[90m# stepdefs.StepDefinitions.i_fill_in_with(java.lang.String,java.lang.String)&amp#27;[0m
  &amp#27;[32mAnd &amp#27;[0m&amp#27;[32mI click on the "&amp#27;[0m&amp#27;[32m&amp#27;[1mLogin&amp#27;[0m&amp#27;[32m" button&amp#27;[0m                               &amp#27;[90m# stepdefs.StepDefinitions.i_click_on_the_button(java.lang.String)&amp#27;[0m
  &amp#27;[32mAnd &amp#27;[0m&amp#27;[32mI should see "&amp#27;[0m&amp#27;[32m&amp#27;[1mIncorrect credentials. Try again!&amp#27;[0m&amp#27;[32m" message&amp#27;[0m    &amp#27;[90m# stepdefs.StepDefinitions.i_should_see_message(java.lang.String)&amp#27;[0m
]]></system-out>
  </testcase>
  <testcase name="scenario[&quot;Failed login using wrong credentials&quot;, &quot;Login Profile&quot;](3)" classname="TestRunner" time="0.005">
    <system-out><![CDATA[
@UpdateProfile
Scenario Outline: Failed login using wrong credentials            &amp#27;[90m# src/test/resources/features/UpdateProfile.feature:28&amp#27;[0m
  &amp#27;[32mGiven &amp#27;[0m&amp#27;[32mI am on the "&amp#27;[0m&amp#27;[32m&amp#27;[1mCompany home&amp#27;[0m&amp#27;[32m" page on URL "&amp#27;[0m&amp#27;[32m&amp#27;[1mwww.mycomany.com&amp#27;[0m&amp#27;[32m"&amp#27;[0m &amp#27;[90m# stepdefs.StepDefinitions.i_am_on_the_page_on_URL(java.lang.String,java.lang.String)&amp#27;[0m
  &amp#27;[32mThen &amp#27;[0m&amp#27;[32mI should see "&amp#27;[0m&amp#27;[32m&amp#27;[1mLog In as Employee&amp#27;[0m&amp#27;[32m" message&amp#27;[0m                  &amp#27;[90m# stepdefs.StepDefinitions.i_should_see_message(java.lang.String)&amp#27;[0m
  &amp#27;[32mWhen &amp#27;[0m&amp#27;[32mI fill in "&amp#27;[0m&amp#27;[32m&amp#27;[1mUsername&amp#27;[0m&amp#27;[32m" with "&amp#27;[0m&amp#27;[32m&amp#27;[1mTset&amp#27;[0m&amp#27;[32m"&amp#27;[0m                           &amp#27;[90m# stepdefs.StepDefinitions.i_fill_in_with(java.lang.String,java.lang.String)&amp#27;[0m
  &amp#27;[32mAnd &amp#27;[0m&amp#27;[32mI fill in "&amp#27;[0m&amp#27;[32m&amp#27;[1mPassword&amp#27;[0m&amp#27;[32m" with "&amp#27;[0m&amp#27;[32m&amp#27;[1m123&amp#27;[0m&amp#27;[32m"&amp#27;[0m                             &amp#27;[90m# stepdefs.StepDefinitions.i_fill_in_with(java.lang.String,java.lang.String)&amp#27;[0m
  &amp#27;[32mAnd &amp#27;[0m&amp#27;[32mI click on the "&amp#27;[0m&amp#27;[32m&amp#27;[1mLogin&amp#27;[0m&amp#27;[32m" button&amp#27;[0m                               &amp#27;[90m# stepdefs.StepDefinitions.i_click_on_the_button(java.lang.String)&amp#27;[0m
  &amp#27;[32mAnd &amp#27;[0m&amp#27;[32mI should see "&amp#27;[0m&amp#27;[32m&amp#27;[1mIncorrect credentials. Try again!&amp#27;[0m&amp#27;[32m" message&amp#27;[0m    &amp#27;[90m# stepdefs.StepDefinitions.i_should_see_message(java.lang.String)&amp#27;[0m
]]></system-out>
  </testcase>
  <testcase name="scenario[&quot;Failed login using wrong credentials&quot;, &quot;Login Profile&quot;](4)" classname="TestRunner" time="0.004">
    <system-out><![CDATA[
@UpdateProfile
Scenario Outline: Failed login using wrong credentials            &amp#27;[90m# src/test/resources/features/UpdateProfile.feature:29&amp#27;[0m
  &amp#27;[32mGiven &amp#27;[0m&amp#27;[32mI am on the "&amp#27;[0m&amp#27;[32m&amp#27;[1mCompany home&amp#27;[0m&amp#27;[32m" page on URL "&amp#27;[0m&amp#27;[32m&amp#27;[1mwww.mycomany.com&amp#27;[0m&amp#27;[32m"&amp#27;[0m &amp#27;[90m# stepdefs.StepDefinitions.i_am_on_the_page_on_URL(java.lang.String,java.lang.String)&amp#27;[0m
  &amp#27;[32mThen &amp#27;[0m&amp#27;[32mI should see "&amp#27;[0m&amp#27;[32m&amp#27;[1mLog In as Employee&amp#27;[0m&amp#27;[32m" message&amp#27;[0m                  &amp#27;[90m# stepdefs.StepDefinitions.i_should_see_message(java.lang.String)&amp#27;[0m
  &amp#27;[32mWhen &amp#27;[0m&amp#27;[32mI fill in "&amp#27;[0m&amp#27;[32m&amp#27;[1mUsername&amp#27;[0m&amp#27;[32m" with "&amp#27;[0m&amp#27;[32m&amp#27;[1mTset&amp#27;[0m&amp#27;[32m"&amp#27;[0m                           &amp#27;[90m# stepdefs.StepDefinitions.i_fill_in_with(java.lang.String,java.lang.String)&amp#27;[0m
  &amp#27;[32mAnd &amp#27;[0m&amp#27;[32mI fill in "&amp#27;[0m&amp#27;[32m&amp#27;[1mPassword&amp#27;[0m&amp#27;[32m" with "&amp#27;[0m&amp#27;[32m&amp#27;[1m!23&amp#27;[0m&amp#27;[32m"&amp#27;[0m                             &amp#27;[90m# stepdefs.StepDefinitions.i_fill_in_with(java.lang.String,java.lang.String)&amp#27;[0m
  &amp#27;[32mAnd &amp#27;[0m&amp#27;[32mI click on the "&amp#27;[0m&amp#27;[32m&amp#27;[1mLogin&amp#27;[0m&amp#27;[32m" button&amp#27;[0m                               &amp#27;[90m# stepdefs.StepDefinitions.i_click_on_the_button(java.lang.String)&amp#27;[0m
  &amp#27;[32mAnd &amp#27;[0m&amp#27;[32mI should see "&amp#27;[0m&amp#27;[32m&amp#27;[1mIncorrect credentials. Try again!&amp#27;[0m&amp#27;[32m" message&amp#27;[0m    &amp#27;[90m# stepdefs.StepDefinitions.i_should_see_message(java.lang.String)&amp#27;[0m
]]></system-out>
  </testcase>
  <testcase name="scenario[&quot;Failed login using wrong credentials&quot;, &quot;Login Profile&quot;](5)" classname="TestRunner" time="0.003">
    <system-out><![CDATA[
@UpdateProfile
Scenario Outline: Failed login using wrong credentials            &amp#27;[90m# src/test/resources/features/UpdateProfile.feature:30&amp#27;[0m
  &amp#27;[32mGiven &amp#27;[0m&amp#27;[32mI am on the "&amp#27;[0m&amp#27;[32m&amp#27;[1mCompany home&amp#27;[0m&amp#27;[32m" page on URL "&amp#27;[0m&amp#27;[32m&amp#27;[1mwww.mycomany.com&amp#27;[0m&amp#27;[32m"&amp#27;[0m &amp#27;[90m# stepdefs.StepDefinitions.i_am_on_the_page_on_URL(java.lang.String,java.lang.String)&amp#27;[0m
  &amp#27;[32mThen &amp#27;[0m&amp#27;[32mI should see "&amp#27;[0m&amp#27;[32m&amp#27;[1mLog In as Employee&amp#27;[0m&amp#27;[32m" message&amp#27;[0m                  &amp#27;[90m# stepdefs.StepDefinitions.i_should_see_message(java.lang.String)&amp#27;[0m
  &amp#27;[32mWhen &amp#27;[0m&amp#27;[32mI fill in "&amp#27;[0m&amp#27;[32m&amp#27;[1mUsername&amp#27;[0m&amp#27;[32m" with "&amp#27;[0m&amp#27;[32m&amp#27;[1mTest&amp#27;[0m&amp#27;[32m"&amp#27;[0m                           &amp#27;[90m# stepdefs.StepDefinitions.i_fill_in_with(java.lang.String,java.lang.String)&amp#27;[0m
  &amp#27;[32mAnd &amp#27;[0m&amp#27;[32mI fill in "&amp#27;[0m&amp#27;[32m&amp#27;[1mPassword&amp#27;[0m&amp#27;[32m" with "&amp#27;[0m&amp#27;[32m&amp#27;[1m&amp#27;[0m&amp#27;[32m"&amp#27;[0m                                &amp#27;[90m# stepdefs.StepDefinitions.i_fill_in_with(java.lang.String,java.lang.String)&amp#27;[0m
  &amp#27;[32mAnd &amp#27;[0m&amp#27;[32mI click on the "&amp#27;[0m&amp#27;[32m&amp#27;[1mLogin&amp#27;[0m&amp#27;[32m" button&amp#27;[0m                               &amp#27;[90m# stepdefs.StepDefinitions.i_click_on_the_button(java.lang.String)&amp#27;[0m
  &amp#27;[32mAnd &amp#27;[0m&amp#27;[32mI should see "&amp#27;[0m&amp#27;[32m&amp#27;[1mPlease enter password.&amp#27;[0m&amp#27;[32m" message&amp#27;[0m               &amp#27;[90m# stepdefs.StepDefinitions.i_should_see_message(java.lang.String)&amp#27;[0m
]]></system-out>
  </testcase>
  <testcase name="scenario[&quot;Failed login using wrong credentials&quot;, &quot;Login Profile&quot;](6)" classname="TestRunner" time="0.005">
    <system-out><![CDATA[
@UpdateProfile
Scenario Outline: Failed login using wrong credentials            &amp#27;[90m# src/test/resources/features/UpdateProfile.feature:31&amp#27;[0m
  &amp#27;[32mGiven &amp#27;[0m&amp#27;[32mI am on the "&amp#27;[0m&amp#27;[32m&amp#27;[1mCompany home&amp#27;[0m&amp#27;[32m" page on URL "&amp#27;[0m&amp#27;[32m&amp#27;[1mwww.mycomany.com&amp#27;[0m&amp#27;[32m"&amp#27;[0m &amp#27;[90m# stepdefs.StepDefinitions.i_am_on_the_page_on_URL(java.lang.String,java.lang.String)&amp#27;[0m
  &amp#27;[32mThen &amp#27;[0m&amp#27;[32mI should see "&amp#27;[0m&amp#27;[32m&amp#27;[1mLog In as Employee&amp#27;[0m&amp#27;[32m" message&amp#27;[0m                  &amp#27;[90m# stepdefs.StepDefinitions.i_should_see_message(java.lang.String)&amp#27;[0m
  &amp#27;[32mWhen &amp#27;[0m&amp#27;[32mI fill in "&amp#27;[0m&amp#27;[32m&amp#27;[1mUsername&amp#27;[0m&amp#27;[32m" with "&amp#27;[0m&amp#27;[32m&amp#27;[1m&amp#27;[0m&amp#27;[32m"&amp#27;[0m                               &amp#27;[90m# stepdefs.StepDefinitions.i_fill_in_with(java.lang.String,java.lang.String)&amp#27;[0m
  &amp#27;[32mAnd &amp#27;[0m&amp#27;[32mI fill in "&amp#27;[0m&amp#27;[32m&amp#27;[1mPassword&amp#27;[0m&amp#27;[32m" with "&amp#27;[0m&amp#27;[32m&amp#27;[1m123&amp#27;[0m&amp#27;[32m"&amp#27;[0m                             &amp#27;[90m# stepdefs.StepDefinitions.i_fill_in_with(java.lang.String,java.lang.String)&amp#27;[0m
  &amp#27;[32mAnd &amp#27;[0m&amp#27;[32mI click on the "&amp#27;[0m&amp#27;[32m&amp#27;[1mLogin&amp#27;[0m&amp#27;[32m" button&amp#27;[0m                               &amp#27;[90m# stepdefs.StepDefinitions.i_click_on_the_button(java.lang.String)&amp#27;[0m
  &amp#27;[32mAnd &amp#27;[0m&amp#27;[32mI should see "&amp#27;[0m&amp#27;[32m&amp#27;[1mPlease enter username.&amp#27;[0m&amp#27;[32m" message&amp#27;[0m               &amp#27;[90m# stepdefs.StepDefinitions.i_should_see_message(java.lang.String)&amp#27;[0m
]]></system-out>
  </testcase>
  <testcase name="scenario[&quot;Failed login using wrong credentials&quot;, &quot;Login Profile&quot;](7)" classname="TestRunner" time="0.004">
    <system-out><![CDATA[
@UpdateProfile
Scenario Outline: Failed login using wrong credentials            &amp#27;[90m# src/test/resources/features/UpdateProfile.feature:32&amp#27;[0m
  &amp#27;[32mGiven &amp#27;[0m&amp#27;[32mI am on the "&amp#27;[0m&amp#27;[32m&amp#27;[1mCompany home&amp#27;[0m&amp#27;[32m" page on URL "&amp#27;[0m&amp#27;[32m&amp#27;[1mwww.mycomany.com&amp#27;[0m&amp#27;[32m"&amp#27;[0m &amp#27;[90m# stepdefs.StepDefinitions.i_am_on_the_page_on_URL(java.lang.String,java.lang.String)&amp#27;[0m
  &amp#27;[32mThen &amp#27;[0m&amp#27;[32mI should see "&amp#27;[0m&amp#27;[32m&amp#27;[1mLog In as Employee&amp#27;[0m&amp#27;[32m" message&amp#27;[0m                  &amp#27;[90m# stepdefs.StepDefinitions.i_should_see_message(java.lang.String)&amp#27;[0m
  &amp#27;[32mWhen &amp#27;[0m&amp#27;[32mI fill in "&amp#27;[0m&amp#27;[32m&amp#27;[1mUsername&amp#27;[0m&amp#27;[32m" with "&amp#27;[0m&amp#27;[32m&amp#27;[1m&amp#27;[0m&amp#27;[32m"&amp#27;[0m                               &amp#27;[90m# stepdefs.StepDefinitions.i_fill_in_with(java.lang.String,java.lang.String)&amp#27;[0m
  &amp#27;[32mAnd &amp#27;[0m&amp#27;[32mI fill in "&amp#27;[0m&amp#27;[32m&amp#27;[1mPassword&amp#27;[0m&amp#27;[32m" with "&amp#27;[0m&amp#27;[32m&amp#27;[1m&amp#27;[0m&amp#27;[32m"&amp#27;[0m                                &amp#27;[90m# stepdefs.StepDefinitions.i_fill_in_with(java.lang.String,java.lang.String)&amp#27;[0m
  &amp#27;[32mAnd &amp#27;[0m&amp#27;[32mI click on the "&amp#27;[0m&amp#27;[32m&amp#27;[1mLogin&amp#27;[0m&amp#27;[32m" button&amp#27;[0m                               &amp#27;[90m# stepdefs.StepDefinitions.i_click_on_the_button(java.lang.String)&amp#27;[0m
  &amp#27;[32mAnd &amp#27;[0m&amp#27;[32mI should see "&amp#27;[0m&amp#27;[32m&amp#27;[1mPlease enter your credentials.&amp#27;[0m&amp#27;[32m" message&amp#27;[0m       &amp#27;[90m# stepdefs.StepDefinitions.i_should_see_message(java.lang.String)&amp#27;[0m
]]></system-out>
  </testcase>
</testsuite>